<?xml version="1.0" encoding="UTF-8"?>
<!-- Generated by org.testng.reporters.JUnitReportReporter -->
<testsuite hostname="DESKTOP-SAVPD3D" failures="0" tests="1" name="testCases.TC01_AccountRegistrasion" time="2.831" errors="0" timestamp="2025-09-11T15:13:55 IST" skipped="0">
  <testcase classname="testCases.TC01_AccountRegistrasion" name="verifyregistration" time="2.831"/>
</testsuite> <!-- testCases.TC01_AccountRegistrasion -->
