<?xml version="1.0" encoding="UTF-8"?>
<!-- Generated by org.testng.reporters.JUnitReportReporter -->
<testsuite hostname="DESKTOP-SAVPD3D" failures="0" tests="1" name="testCases.TC01_AccountRegistrasion" time="4.901" errors="0" timestamp="2025-09-17T12:15:49 IST" skipped="0">
  <testcase classname="testCases.TC01_AccountRegistrasion" name="verifyregistration" time="4.901"/>
</testsuite> <!-- testCases.TC01_AccountRegistrasion -->
